# JRE version: OpenJDK Runtime Environment (17.0.10) (build 17.0.10+0--11572160)
# Java VM: OpenJDK 64-Bit Server VM (17.0.10+0--11572160, mixed mode, tiered, compressed oops, compressed class ptrs, g1 gc, windows-amd64)
GC Precious Log:
 CPUs: 16 total, 16 available
 Memory: 3405M
 Large Page Support: Disabled
 NUMA Support: Disabled
 Compressed Oops: Enabled (32-bit)
 Heap Region Size: 1M
 Heap Min Capacity: 8M
 Heap Initial Capacity: 54M
 Heap Max Capacity: 2G
 Pre-touch: Disabled
 Parallel Workers: 13
 Concurrent Workers: 3
 Concurrent Refinement Workers: 13
 Periodic GC: Disabled
Heap:
 garbage-first heap   total 167936K, used 90630K [0x0000000080000000, 0x0000000100000000)
  region size 1024K, 4 young (4096K), 4 survivors (4096K)
 Metaspace       used 89289K, committed 89920K, reserved 1179648K
  class space    used 12419K, committed 12736K, reserved 1048576K
GC Heap History (20 events):
Event: 10.802 GC heap after
{Heap after GC invocations=25 (full 0):
 garbage-first heap   total 86016K, used 63736K [0x0000000080000000, 0x0000000100000000)
  region size 1024K, 1 young (1024K), 1 survivors (1024K)
 Metaspace       used 58523K, committed 59072K, reserved 1114112K
  class space    used 8057K, committed 8320K, reserved 1048576K
}
Event: 11.129 GC heap before
{Heap before GC invocations=26 (full 0):
 garbage-first heap   total 109568K, used 72952K [0x0000000080000000, 0x0000000100000000)
  region size 1024K, 9 young (9216K), 1 survivors (1024K)
 Metaspace       used 59132K, committed 59648K, reserved 1114112K
  class space    used 8132K, committed 8384K, reserved 1048576K
}
Event: 11.134 GC heap after
{Heap after GC invocations=27 (full 0):
 garbage-first heap   total 167936K, used 64841K [0x0000000080000000, 0x0000000100000000)
  region size 1024K, 1 young (1024K), 1 survivors (1024K)
 Metaspace       used 59132K, committed 59648K, reserved 1114112K
  class space    used 8132K, committed 8384K, reserved 1048576K
}
Event: 11.540 GC heap before
{Heap before GC invocations=27 (full 0):
 garbage-first heap   total 167936K, used 70985K [0x0000000080000000, 0x0000000100000000)
  region size 1024K, 8 young (8192K), 1 survivors (1024K)
 Metaspace       used 59685K, committed 60224K, reserved 1114112K
  class space    used 8211K, committed 8512K, reserved 1048576K
}
Event: 11.543 GC heap after
{Heap after GC invocations=28 (full 0):
 garbage-first heap   total 167936K, used 64093K [0x0000000080000000, 0x0000000100000000)
  region size 1024K, 1 young (1024K), 1 survivors (1024K)
 Metaspace       used 59685K, committed 60224K, reserved 1114112K
  class space    used 8211K, committed 8512K, reserved 1048576K
}
Event: 12.888 GC heap before
{Heap before GC invocations=28 (full 0):
 garbage-first heap   total 167936K, used 118365K [0x0000000080000000, 0x0000000100000000)
  region size 1024K, 54 young (55296K), 1 survivors (1024K)
 Metaspace       used 65063K, committed 65664K, reserved 1114112K
  class space    used 8898K, committed 9216K, reserved 1048576K
}
Event: 12.893 GC heap after
{Heap after GC invocations=29 (full 0):
 garbage-first heap   total 167936K, used 65626K [0x0000000080000000, 0x0000000100000000)
  region size 1024K, 2 young (2048K), 2 survivors (2048K)
 Metaspace       used 65063K, committed 65664K, reserved 1114112K
  class space    used 8898K, committed 9216K, reserved 1048576K
}
Event: 14.102 GC heap before
{Heap before GC invocations=29 (full 0):
 garbage-first heap   total 167936K, used 138330K [0x0000000080000000, 0x0000000100000000)
  region size 1024K, 68 young (69632K), 2 survivors (2048K)
 Metaspace       used 70251K, committed 70848K, reserved 1114112K
  class space    used 9574K, committed 9856K, reserved 1048576K
}
Event: 14.112 GC heap after
{Heap after GC invocations=30 (full 0):
 garbage-first heap   total 167936K, used 72410K [0x0000000080000000, 0x0000000100000000)
  region size 1024K, 8 young (8192K), 8 survivors (8192K)
 Metaspace       used 70251K, committed 70848K, reserved 1114112K
  class space    used 9574K, committed 9856K, reserved 1048576K
}
Event: 18.210 GC heap before
{Heap before GC invocations=30 (full 0):
 garbage-first heap   total 167936K, used 133850K [0x0000000080000000, 0x0000000100000000)
  region size 1024K, 64 young (65536K), 8 survivors (8192K)
 Metaspace       used 75718K, committed 76352K, reserved 1179648K
  class space    used 10330K, committed 10624K, reserved 1048576K
}
Event: 18.219 GC heap after
{Heap after GC invocations=31 (full 0):
 garbage-first heap   total 167936K, used 80275K [0x0000000080000000, 0x0000000100000000)
  region size 1024K, 4 young (4096K), 4 survivors (4096K)
 Metaspace       used 75718K, committed 76352K, reserved 1179648K
  class space    used 10330K, committed 10624K, reserved 1048576K
}
Event: 19.374 GC heap before
{Heap before GC invocations=31 (full 0):
 garbage-first heap   total 167936K, used 134547K [0x0000000080000000, 0x0000000100000000)
  region size 1024K, 57 young (58368K), 4 survivors (4096K)
 Metaspace       used 80329K, committed 80960K, reserved 1179648K
  class space    used 10946K, committed 11264K, reserved 1048576K
}
Event: 19.383 GC heap after
{Heap after GC invocations=32 (full 0):
 garbage-first heap   total 167936K, used 83448K [0x0000000080000000, 0x0000000100000000)
  region size 1024K, 7 young (7168K), 7 survivors (7168K)
 Metaspace       used 80329K, committed 80960K, reserved 1179648K
  class space    used 10946K, committed 11264K, reserved 1048576K
}
Event: 20.497 GC heap before
{Heap before GC invocations=33 (full 0):
 garbage-first heap   total 167936K, used 135672K [0x0000000080000000, 0x0000000100000000)
  region size 1024K, 58 young (59392K), 7 survivors (7168K)
 Metaspace       used 82485K, committed 83136K, reserved 1179648K
  class space    used 11260K, committed 11584K, reserved 1048576K
}
Event: 20.507 GC heap after
{Heap after GC invocations=34 (full 0):
 garbage-first heap   total 167936K, used 87299K [0x0000000080000000, 0x0000000100000000)
  region size 1024K, 8 young (8192K), 8 survivors (8192K)
 Metaspace       used 82485K, committed 83136K, reserved 1179648K
  class space    used 11260K, committed 11584K, reserved 1048576K
}
Event: 20.531 GC heap before
{Heap before GC invocations=34 (full 0):
 garbage-first heap   total 167936K, used 87299K [0x0000000080000000, 0x0000000100000000)
  region size 1024K, 9 young (9216K), 8 survivors (8192K)
 Metaspace       used 82542K, committed 83136K, reserved 1179648K
  class space    used 11270K, committed 11584K, reserved 1048576K
}
Event: 20.540 GC heap after
{Heap after GC invocations=35 (full 0):
 garbage-first heap   total 167936K, used 87903K [0x0000000080000000, 0x0000000100000000)
  region size 1024K, 2 young (2048K), 2 survivors (2048K)
 Metaspace       used 82542K, committed 83136K, reserved 1179648K
  class space    used 11270K, committed 11584K, reserved 1048576K
}
Event: 21.483 GC heap before
{Heap before GC invocations=35 (full 0):
 garbage-first heap   total 167936K, used 136031K [0x0000000080000000, 0x0000000100000000)
  region size 1024K, 49 young (50176K), 2 survivors (2048K)
 Metaspace       used 85915K, committed 86528K, reserved 1179648K
  class space    used 11911K, committed 12224K, reserved 1048576K
}
Event: 21.486 GC heap after
{Heap after GC invocations=36 (full 0):
 garbage-first heap   total 167936K, used 88601K [0x0000000080000000, 0x0000000100000000)
  region size 1024K, 2 young (2048K), 2 survivors (2048K)
 Metaspace       used 85915K, committed 86528K, reserved 1179648K
  class space    used 11911K, committed 12224K, reserved 1048576K
}
Event: 22.418 GC heap before
{Heap before GC invocations=37 (full 0):
 garbage-first heap   total 167936K, used 138777K [0x0000000080000000, 0x0000000100000000)
  region size 1024K, 51 young (52224K), 2 survivors (2048K)
 Metaspace       used 89289K, committed 89920K, reserved 1179648K
  class space    used 12419K, committed 12736K, reserved 1048576K
}

