# JRE version: OpenJDK Runtime Environment (17.0.10) (build 17.0.10+0--11572160)
# Java VM: OpenJDK 64-Bit Server VM (17.0.10+0--11572160, mixed mode, tiered, compressed oops, compressed class ptrs, g1 gc, windows-amd64)
GC Precious Log:
 CPUs: 16 total, 16 available
 Memory: 3405M
 Large Page Support: Disabled
 NUMA Support: Disabled
 Compressed Oops: Enabled (32-bit)
 Heap Region Size: 1M
 Heap Min Capacity: 8M
 Heap Initial Capacity: 54M
 Heap Max Capacity: 2G
 Pre-touch: Disabled
 Parallel Workers: 13
 Concurrent Workers: 3
 Concurrent Refinement Workers: 13
 Periodic GC: Disabled
Heap:
 garbage-first heap   total 149504K, used 122985K [0x0000000080000000, 0x0000000100000000)
  region size 1024K, 2 young (2048K), 2 survivors (2048K)
 Metaspace       used 104142K, committed 104960K, reserved 1179648K
  class space    used 14447K, committed 14848K, reserved 1048576K
GC Heap History (20 events):
Event: 29.907 GC heap after
{Heap after GC invocations=47 (full 0):
 garbage-first heap   total 149504K, used 88673K [0x0000000080000000, 0x0000000100000000)
  region size 1024K, 3 young (3072K), 3 survivors (3072K)
 Metaspace       used 86682K, committed 87296K, reserved 1179648K
  class space    used 12066K, committed 12352K, reserved 1048576K
}
Event: 31.157 GC heap before
{Heap before GC invocations=47 (full 0):
 garbage-first heap   total 149504K, used 125537K [0x0000000080000000, 0x0000000100000000)
  region size 1024K, 39 young (39936K), 3 survivors (3072K)
 Metaspace       used 89220K, committed 89920K, reserved 1179648K
  class space    used 12430K, committed 12736K, reserved 1048576K
}
Event: 31.163 GC heap after
{Heap after GC invocations=48 (full 0):
 garbage-first heap   total 149504K, used 90226K [0x0000000080000000, 0x0000000100000000)
  region size 1024K, 4 young (4096K), 4 survivors (4096K)
 Metaspace       used 89220K, committed 89920K, reserved 1179648K
  class space    used 12430K, committed 12736K, reserved 1048576K
}
Event: 32.052 GC heap before
{Heap before GC invocations=48 (full 0):
 garbage-first heap   total 149504K, used 125042K [0x0000000080000000, 0x0000000100000000)
  region size 1024K, 38 young (38912K), 4 survivors (4096K)
 Metaspace       used 91885K, committed 92544K, reserved 1179648K
  class space    used 12800K, committed 13120K, reserved 1048576K
}
Event: 32.062 GC heap after
{Heap after GC invocations=49 (full 0):
 garbage-first heap   total 149504K, used 92433K [0x0000000080000000, 0x0000000100000000)
  region size 1024K, 4 young (4096K), 4 survivors (4096K)
 Metaspace       used 91885K, committed 92544K, reserved 1179648K
  class space    used 12800K, committed 13120K, reserved 1048576K
}
Event: 32.873 GC heap before
{Heap before GC invocations=49 (full 0):
 garbage-first heap   total 149504K, used 126225K [0x0000000080000000, 0x0000000100000000)
  region size 1024K, 37 young (37888K), 4 survivors (4096K)
 Metaspace       used 94445K, committed 95168K, reserved 1179648K
  class space    used 13227K, committed 13568K, reserved 1048576K
}
Event: 32.884 GC heap after
{Heap after GC invocations=50 (full 0):
 garbage-first heap   total 149504K, used 93527K [0x0000000080000000, 0x0000000100000000)
  region size 1024K, 4 young (4096K), 4 survivors (4096K)
 Metaspace       used 94445K, committed 95168K, reserved 1179648K
  class space    used 13227K, committed 13568K, reserved 1048576K
}
Event: 33.794 GC heap before
{Heap before GC invocations=50 (full 0):
 garbage-first heap   total 149504K, used 127319K [0x0000000080000000, 0x0000000100000000)
  region size 1024K, 37 young (37888K), 4 survivors (4096K)
 Metaspace       used 97647K, committed 98368K, reserved 1179648K
  class space    used 13621K, committed 13952K, reserved 1048576K
}
Event: 33.802 GC heap after
{Heap after GC invocations=51 (full 0):
 garbage-first heap   total 149504K, used 95894K [0x0000000080000000, 0x0000000100000000)
  region size 1024K, 4 young (4096K), 4 survivors (4096K)
 Metaspace       used 97647K, committed 98368K, reserved 1179648K
  class space    used 13621K, committed 13952K, reserved 1048576K
}
Event: 34.427 GC heap before
{Heap before GC invocations=51 (full 0):
 garbage-first heap   total 149504K, used 125590K [0x0000000080000000, 0x0000000100000000)
  region size 1024K, 34 young (34816K), 4 survivors (4096K)
 Metaspace       used 99571K, committed 100288K, reserved 1179648K
  class space    used 13934K, committed 14272K, reserved 1048576K
}
Event: 34.435 GC heap after
{Heap after GC invocations=52 (full 0):
 garbage-first heap   total 149504K, used 98204K [0x0000000080000000, 0x0000000100000000)
  region size 1024K, 5 young (5120K), 5 survivors (5120K)
 Metaspace       used 99571K, committed 100288K, reserved 1179648K
  class space    used 13934K, committed 14272K, reserved 1048576K
}
Event: 35.259 GC heap before
{Heap before GC invocations=52 (full 0):
 garbage-first heap   total 149504K, used 126876K [0x0000000080000000, 0x0000000100000000)
  region size 1024K, 33 young (33792K), 5 survivors (5120K)
 Metaspace       used 100656K, committed 101440K, reserved 1179648K
  class space    used 14087K, committed 14464K, reserved 1048576K
}
Event: 35.269 GC heap after
{Heap after GC invocations=53 (full 0):
 garbage-first heap   total 149504K, used 102226K [0x0000000080000000, 0x0000000100000000)
  region size 1024K, 5 young (5120K), 5 survivors (5120K)
 Metaspace       used 100656K, committed 101440K, reserved 1179648K
  class space    used 14087K, committed 14464K, reserved 1048576K
}
Event: 35.565 GC heap before
{Heap before GC invocations=53 (full 0):
 garbage-first heap   total 149504K, used 125778K [0x0000000080000000, 0x0000000100000000)
  region size 1024K, 29 young (29696K), 5 survivors (5120K)
 Metaspace       used 100777K, committed 101504K, reserved 1179648K
  class space    used 14087K, committed 14464K, reserved 1048576K
}
Event: 35.573 GC heap after
{Heap after GC invocations=54 (full 0):
 garbage-first heap   total 149504K, used 104272K [0x0000000080000000, 0x0000000100000000)
  region size 1024K, 4 young (4096K), 4 survivors (4096K)
 Metaspace       used 100777K, committed 101504K, reserved 1179648K
  class space    used 14087K, committed 14464K, reserved 1048576K
}
Event: 36.258 GC heap before
{Heap before GC invocations=54 (full 0):
 garbage-first heap   total 149504K, used 129872K [0x0000000080000000, 0x0000000100000000)
  region size 1024K, 25 young (25600K), 4 survivors (4096K)
 Metaspace       used 102373K, committed 103104K, reserved 1179648K
  class space    used 14258K, committed 14592K, reserved 1048576K
}
Event: 36.265 GC heap after
{Heap after GC invocations=55 (full 0):
 garbage-first heap   total 149504K, used 105725K [0x0000000080000000, 0x0000000100000000)
  region size 1024K, 3 young (3072K), 3 survivors (3072K)
 Metaspace       used 102373K, committed 103104K, reserved 1179648K
  class space    used 14258K, committed 14592K, reserved 1048576K
}
Event: 36.945 GC heap before
{Heap before GC invocations=55 (full 0):
 garbage-first heap   total 149504K, used 127229K [0x0000000080000000, 0x0000000100000000)
  region size 1024K, 23 young (23552K), 3 survivors (3072K)
 Metaspace       used 103994K, committed 104832K, reserved 1179648K
  class space    used 14430K, committed 14848K, reserved 1048576K
}
Event: 36.955 GC heap after
{Heap after GC invocations=56 (full 0):
 garbage-first heap   total 149504K, used 114688K [0x0000000080000000, 0x0000000100000000)
  region size 1024K, 3 young (3072K), 3 survivors (3072K)
 Metaspace       used 103994K, committed 104832K, reserved 1179648K
  class space    used 14430K, committed 14848K, reserved 1048576K
}
Event: 37.077 GC heap before
{Heap before GC invocations=56 (full 0):
 garbage-first heap   total 149504K, used 124928K [0x0000000080000000, 0x0000000100000000)
  region size 1024K, 13 young (13312K), 3 survivors (3072K)
 Metaspace       used 104142K, committed 104960K, reserved 1179648K
  class space    used 14447K, committed 14848K, reserved 1048576K
}

