# JRE version: OpenJDK Runtime Environment (17.0.10) (build 17.0.10+0--11572160)
# Java VM: OpenJDK 64-Bit Server VM (17.0.10+0--11572160, mixed mode, tiered, compressed oops, compressed class ptrs, g1 gc, windows-amd64)
GC Precious Log:
 CPUs: 16 total, 16 available
 Memory: 3405M
 Large Page Support: Disabled
 NUMA Support: Disabled
 Compressed Oops: Enabled (32-bit)
 Heap Region Size: 1M
 Heap Min Capacity: 8M
 Heap Initial Capacity: 54M
 Heap Max Capacity: 2G
 Pre-touch: Disabled
 Parallel Workers: 13
 Concurrent Workers: 3
 Concurrent Refinement Workers: 13
 Periodic GC: Disabled
Heap:
 garbage-first heap   total 249856K, used 146932K [0x0000000080000000, 0x0000000100000000)
  region size 1024K, 8 young (8192K), 8 survivors (8192K)
 Metaspace       used 108163K, committed 108928K, reserved 1179648K
  class space    used 14854K, committed 15232K, reserved 1048576K
GC Heap History (20 events):
Event: 41.342 GC heap after
{Heap after GC invocations=50 (full 0):
 garbage-first heap   total 180224K, used 102687K [0x0000000080000000, 0x0000000100000000)
  region size 1024K, 8 young (8192K), 8 survivors (8192K)
 Metaspace       used 100540K, committed 101312K, reserved 1179648K
  class space    used 14069K, committed 14464K, reserved 1048576K
}
Event: 42.571 GC heap before
{Heap before GC invocations=50 (full 0):
 garbage-first heap   total 180224K, used 155935K [0x0000000080000000, 0x0000000100000000)
  region size 1024K, 54 young (55296K), 8 survivors (8192K)
 Metaspace       used 102961K, committed 103808K, reserved 1179648K
  class space    used 14309K, committed 14720K, reserved 1048576K
}
Event: 42.589 GC heap after
{Heap after GC invocations=51 (full 0):
 garbage-first heap   total 180224K, used 113916K [0x0000000080000000, 0x0000000100000000)
  region size 1024K, 7 young (7168K), 7 survivors (7168K)
 Metaspace       used 102961K, committed 103808K, reserved 1179648K
  class space    used 14309K, committed 14720K, reserved 1048576K
}
Event: 43.227 GC heap before
{Heap before GC invocations=51 (full 0):
 garbage-first heap   total 180224K, used 145660K [0x0000000080000000, 0x0000000100000000)
  region size 1024K, 39 young (39936K), 7 survivors (7168K)
 Metaspace       used 104324K, committed 105088K, reserved 1179648K
  class space    used 14466K, committed 14848K, reserved 1048576K
}
Event: 43.244 GC heap after
{Heap after GC invocations=52 (full 0):
 garbage-first heap   total 180224K, used 125425K [0x0000000080000000, 0x0000000100000000)
  region size 1024K, 5 young (5120K), 5 survivors (5120K)
 Metaspace       used 104324K, committed 105088K, reserved 1179648K
  class space    used 14466K, committed 14848K, reserved 1048576K
}
Event: 44.332 GC heap before
{Heap before GC invocations=52 (full 0):
 garbage-first heap   total 180224K, used 153073K [0x0000000080000000, 0x0000000100000000)
  region size 1024K, 25 young (25600K), 5 survivors (5120K)
 Metaspace       used 104584K, committed 105344K, reserved 1179648K
  class space    used 14486K, committed 14848K, reserved 1048576K
}
Event: 44.343 GC heap after
{Heap after GC invocations=53 (full 0):
 garbage-first heap   total 180224K, used 133120K [0x0000000080000000, 0x0000000100000000)
  region size 1024K, 4 young (4096K), 4 survivors (4096K)
 Metaspace       used 104584K, committed 105344K, reserved 1179648K
  class space    used 14486K, committed 14848K, reserved 1048576K
}
Event: 44.498 GC heap before
{Heap before GC invocations=53 (full 0):
 garbage-first heap   total 180224K, used 147456K [0x0000000080000000, 0x0000000100000000)
  region size 1024K, 19 young (19456K), 4 survivors (4096K)
 Metaspace       used 104636K, committed 105344K, reserved 1179648K
  class space    used 14493K, committed 14848K, reserved 1048576K
}
Event: 44.505 GC heap after
{Heap after GC invocations=54 (full 0):
 garbage-first heap   total 180224K, used 133407K [0x0000000080000000, 0x0000000100000000)
  region size 1024K, 2 young (2048K), 2 survivors (2048K)
 Metaspace       used 104636K, committed 105344K, reserved 1179648K
  class space    used 14493K, committed 14848K, reserved 1048576K
}
Event: 44.733 GC heap before
{Heap before GC invocations=54 (full 0):
 garbage-first heap   total 180224K, used 145695K [0x0000000080000000, 0x0000000100000000)
  region size 1024K, 15 young (15360K), 2 survivors (2048K)
 Metaspace       used 104677K, committed 105472K, reserved 1179648K
  class space    used 14493K, committed 14848K, reserved 1048576K
}
Event: 44.745 GC heap after
{Heap after GC invocations=55 (full 0):
 garbage-first heap   total 217088K, used 140662K [0x0000000080000000, 0x0000000100000000)
  region size 1024K, 3 young (3072K), 3 survivors (3072K)
 Metaspace       used 104677K, committed 105472K, reserved 1179648K
  class space    used 14493K, committed 14848K, reserved 1048576K
}
Event: 44.807 GC heap before
{Heap before GC invocations=55 (full 0):
 garbage-first heap   total 217088K, used 149878K [0x0000000080000000, 0x0000000100000000)
  region size 1024K, 5 young (5120K), 3 survivors (3072K)
 Metaspace       used 104677K, committed 105472K, reserved 1179648K
  class space    used 14493K, committed 14848K, reserved 1048576K
}
Event: 44.812 GC heap after
{Heap after GC invocations=56 (full 0):
 garbage-first heap   total 217088K, used 144468K [0x0000000080000000, 0x0000000100000000)
  region size 1024K, 1 young (1024K), 1 survivors (1024K)
 Metaspace       used 104677K, committed 105472K, reserved 1179648K
  class space    used 14493K, committed 14848K, reserved 1048576K
}
Event: 44.819 GC heap before
{Heap before GC invocations=56 (full 0):
 garbage-first heap   total 217088K, used 148564K [0x0000000080000000, 0x0000000100000000)
  region size 1024K, 2 young (2048K), 1 survivors (1024K)
 Metaspace       used 104677K, committed 105472K, reserved 1179648K
  class space    used 14493K, committed 14848K, reserved 1048576K
}
Event: 44.823 GC heap after
{Heap after GC invocations=57 (full 0):
 garbage-first heap   total 217088K, used 148497K [0x0000000080000000, 0x0000000100000000)
  region size 1024K, 1 young (1024K), 1 survivors (1024K)
 Metaspace       used 104677K, committed 105472K, reserved 1179648K
  class space    used 14493K, committed 14848K, reserved 1048576K
}
Event: 45.509 GC heap before
{Heap before GC invocations=58 (full 0):
 garbage-first heap   total 249856K, used 177169K [0x0000000080000000, 0x0000000100000000)
  region size 1024K, 32 young (32768K), 1 survivors (1024K)
 Metaspace       used 106872K, committed 107648K, reserved 1179648K
  class space    used 14702K, committed 15104K, reserved 1048576K
}
Event: 45.550 GC heap after
{Heap after GC invocations=59 (full 0):
 garbage-first heap   total 249856K, used 140976K [0x0000000080000000, 0x0000000100000000)
  region size 1024K, 3 young (3072K), 3 survivors (3072K)
 Metaspace       used 106872K, committed 107648K, reserved 1179648K
  class space    used 14702K, committed 15104K, reserved 1048576K
}
Event: 45.643 GC heap before
{Heap before GC invocations=59 (full 0):
 garbage-first heap   total 249856K, used 150192K [0x0000000080000000, 0x0000000100000000)
  region size 1024K, 12 young (12288K), 3 survivors (3072K)
 Metaspace       used 107362K, committed 108224K, reserved 1179648K
  class space    used 14750K, committed 15168K, reserved 1048576K
}
Event: 45.649 GC heap after
{Heap after GC invocations=60 (full 0):
 garbage-first heap   total 249856K, used 140086K [0x0000000080000000, 0x0000000100000000)
  region size 1024K, 2 young (2048K), 2 survivors (2048K)
 Metaspace       used 107362K, committed 108224K, reserved 1179648K
  class space    used 14750K, committed 15168K, reserved 1048576K
}
Event: 46.218 GC heap before
{Heap before GC invocations=60 (full 0):
 garbage-first heap   total 249856K, used 200502K [0x0000000080000000, 0x0000000100000000)
  region size 1024K, 62 young (63488K), 2 survivors (2048K)
 Metaspace       used 108163K, committed 108928K, reserved 1179648K
  class space    used 14854K, committed 15232K, reserved 1048576K
}

