# JRE version: OpenJDK Runtime Environment (17.0.10) (build 17.0.10+0--11572160)
# Java VM: OpenJDK 64-Bit Server VM (17.0.10+0--11572160, mixed mode, tiered, compressed oops, compressed class ptrs, g1 gc, windows-amd64)
GC Precious Log:
 CPUs: 16 total, 16 available
 Memory: 3405M
 Large Page Support: Disabled
 NUMA Support: Disabled
 Compressed Oops: Enabled (32-bit)
 Heap Region Size: 1M
 Heap Min Capacity: 8M
 Heap Initial Capacity: 54M
 Heap Max Capacity: 2G
 Pre-touch: Disabled
 Parallel Workers: 13
 Concurrent Workers: 3
 Concurrent Refinement Workers: 13
 Periodic GC: Disabled
Heap:
 garbage-first heap   total 468992K, used 240716K [0x0000000080000000, 0x0000000100000000)
  region size 1024K, 91 young (93184K), 5 survivors (5120K)
 Metaspace       used 109618K, committed 110464K, reserved 1179648K
  class space    used 14949K, committed 15360K, reserved 1048576K
GC Heap History (20 events):
Event: 35.463 GC heap before
{Heap before GC invocations=44 (full 0):
 garbage-first heap   total 166912K, used 139446K [0x0000000080000000, 0x0000000100000000)
  region size 1024K, 47 young (48128K), 6 survivors (6144K)
 Metaspace       used 100673K, committed 101440K, reserved 1179648K
  class space    used 14080K, committed 14464K, reserved 1048576K
}
Event: 35.477 GC heap after
{Heap after GC invocations=45 (full 0):
 garbage-first heap   total 166912K, used 103378K [0x0000000080000000, 0x0000000100000000)
  region size 1024K, 6 young (6144K), 6 survivors (6144K)
 Metaspace       used 100673K, committed 101440K, reserved 1179648K
  class space    used 14080K, committed 14464K, reserved 1048576K
}
Event: 36.365 GC heap before
{Heap before GC invocations=45 (full 0):
 garbage-first heap   total 166912K, used 143314K [0x0000000080000000, 0x0000000100000000)
  region size 1024K, 41 young (41984K), 6 survivors (6144K)
 Metaspace       used 102320K, committed 103040K, reserved 1179648K
  class space    used 14254K, committed 14592K, reserved 1048576K
}
Event: 36.374 GC heap after
{Heap after GC invocations=46 (full 0):
 garbage-first heap   total 166912K, used 105752K [0x0000000080000000, 0x0000000100000000)
  region size 1024K, 5 young (5120K), 5 survivors (5120K)
 Metaspace       used 102320K, committed 103040K, reserved 1179648K
  class space    used 14254K, committed 14592K, reserved 1048576K
}
Event: 38.261 GC heap before
{Heap before GC invocations=46 (full 0):
 garbage-first heap   total 166912K, used 137496K [0x0000000080000000, 0x0000000100000000)
  region size 1024K, 37 young (37888K), 5 survivors (5120K)
 Metaspace       used 104296K, committed 105088K, reserved 1179648K
  class space    used 14448K, committed 14848K, reserved 1048576K
}
Event: 38.271 GC heap after
{Heap after GC invocations=47 (full 0):
 garbage-first heap   total 166912K, used 111556K [0x0000000080000000, 0x0000000100000000)
  region size 1024K, 5 young (5120K), 5 survivors (5120K)
 Metaspace       used 104296K, committed 105088K, reserved 1179648K
  class space    used 14448K, committed 14848K, reserved 1048576K
}
Event: 38.857 GC heap before
{Heap before GC invocations=47 (full 0):
 garbage-first heap   total 166912K, used 146372K [0x0000000080000000, 0x0000000100000000)
  region size 1024K, 31 young (31744K), 5 survivors (5120K)
 Metaspace       used 104419K, committed 105280K, reserved 1179648K
  class space    used 14448K, committed 14848K, reserved 1048576K
}
Event: 38.872 GC heap after
{Heap after GC invocations=48 (full 0):
 garbage-first heap   total 166912K, used 127617K [0x0000000080000000, 0x0000000100000000)
  region size 1024K, 4 young (4096K), 4 survivors (4096K)
 Metaspace       used 104419K, committed 105280K, reserved 1179648K
  class space    used 14448K, committed 14848K, reserved 1048576K
}
Event: 39.076 GC heap before
{Heap before GC invocations=48 (full 0):
 garbage-first heap   total 166912K, used 137857K [0x0000000080000000, 0x0000000100000000)
  region size 1024K, 14 young (14336K), 4 survivors (4096K)
 Metaspace       used 104424K, committed 105280K, reserved 1179648K
  class space    used 14448K, committed 14848K, reserved 1048576K
}
Event: 39.087 GC heap after
{Heap after GC invocations=49 (full 0):
 garbage-first heap   total 166912K, used 133304K [0x0000000080000000, 0x0000000100000000)
  region size 1024K, 2 young (2048K), 2 survivors (2048K)
 Metaspace       used 104424K, committed 105280K, reserved 1179648K
  class space    used 14448K, committed 14848K, reserved 1048576K
}
Event: 39.377 GC heap before
{Heap before GC invocations=49 (full 0):
 garbage-first heap   total 234496K, used 140472K [0x0000000080000000, 0x0000000100000000)
  region size 1024K, 9 young (9216K), 2 survivors (2048K)
 Metaspace       used 104549K, committed 105344K, reserved 1179648K
  class space    used 14465K, committed 14848K, reserved 1048576K
}
Event: 39.384 GC heap after
{Heap after GC invocations=50 (full 0):
 garbage-first heap   total 234496K, used 136192K [0x0000000080000000, 0x0000000100000000)
  region size 1024K, 2 young (2048K), 2 survivors (2048K)
 Metaspace       used 104549K, committed 105344K, reserved 1179648K
  class space    used 14465K, committed 14848K, reserved 1048576K
}
Event: 41.037 GC heap before
{Heap before GC invocations=51 (full 0):
 garbage-first heap   total 234496K, used 184320K [0x0000000080000000, 0x0000000100000000)
  region size 1024K, 41 young (41984K), 2 survivors (2048K)
 Metaspace       used 104940K, committed 105792K, reserved 1179648K
  class space    used 14499K, committed 14912K, reserved 1048576K
}
Event: 41.049 GC heap after
{Heap after GC invocations=52 (full 0):
 garbage-first heap   total 234496K, used 139428K [0x0000000080000000, 0x0000000100000000)
  region size 1024K, 6 young (6144K), 6 survivors (6144K)
 Metaspace       used 104940K, committed 105792K, reserved 1179648K
  class space    used 14499K, committed 14912K, reserved 1048576K
}
Event: 41.363 GC heap before
{Heap before GC invocations=52 (full 0):
 garbage-first heap   total 234496K, used 144548K [0x0000000080000000, 0x0000000100000000)
  region size 1024K, 11 young (11264K), 6 survivors (6144K)
 Metaspace       used 104958K, committed 105792K, reserved 1179648K
  class space    used 14502K, committed 14912K, reserved 1048576K
}
Event: 41.372 GC heap after
{Heap after GC invocations=53 (full 0):
 garbage-first heap   total 234496K, used 138955K [0x0000000080000000, 0x0000000100000000)
  region size 1024K, 2 young (2048K), 2 survivors (2048K)
 Metaspace       used 104958K, committed 105792K, reserved 1179648K
  class space    used 14502K, committed 14912K, reserved 1048576K
}
Event: 41.802 GC heap before
{Heap before GC invocations=53 (full 0):
 garbage-first heap   total 234496K, used 196299K [0x0000000080000000, 0x0000000100000000)
  region size 1024K, 42 young (43008K), 2 survivors (2048K)
 Metaspace       used 105669K, committed 106496K, reserved 1179648K
  class space    used 14570K, committed 14976K, reserved 1048576K
}
Event: 41.813 GC heap after
{Heap after GC invocations=54 (full 0):
 garbage-first heap   total 234496K, used 148136K [0x0000000080000000, 0x0000000100000000)
  region size 1024K, 6 young (6144K), 6 survivors (6144K)
 Metaspace       used 105669K, committed 106496K, reserved 1179648K
  class space    used 14570K, committed 14976K, reserved 1048576K
}
Event: 42.275 GC heap before
{Heap before GC invocations=54 (full 0):
 garbage-first heap   total 234496K, used 185000K [0x0000000080000000, 0x0000000100000000)
  region size 1024K, 42 young (43008K), 6 survivors (6144K)
 Metaspace       used 107873K, committed 108736K, reserved 1179648K
  class space    used 14787K, committed 15232K, reserved 1048576K
}
Event: 42.291 GC heap after
{Heap after GC invocations=55 (full 0):
 garbage-first heap   total 468992K, used 153676K [0x0000000080000000, 0x0000000100000000)
  region size 1024K, 5 young (5120K), 5 survivors (5120K)
 Metaspace       used 107873K, committed 108736K, reserved 1179648K
  class space    used 14787K, committed 15232K, reserved 1048576K
}

